Drill report for C:\Users\12266\Documents\zose-line-out\CS4390.kicad_pcb
Created on 2018-03-29 08:59:58

Copper Layer Stackup:
    =============================================================
    L1 :  F.Cu                      front
    L2 :  B.Cu                      back


Drill file 'CS4390.drl' contains
    plated through holes:
    =============================================================
    T1  0,70mm  0,028"  (26 holes)
    T2  0,80mm  0,031"  (98 holes)
    T3  0,80mm  0,032"  (6 holes)
    T4  0,90mm  0,035"  (12 holes)
    T5  1,00mm  0,039"  (8 holes)
    T6  1,20mm  0,047"  (6 holes)

    Total plated holes count 156


Drill file 'CS4390-NPTH.drl' contains
    unplated through holes:
    =============================================================

    Total unplated holes count 0
